
> flipkart@0.0.0 dev
> vite


  VITE v6.4.1  ready in 200 ms

  ➜  Local:   http://localhost:5173/
  ➜  Network: use --host to expose
6:44:59 AM [vite] (client) hmr update /context/ShopContext.tsx

> flipkart@0.0.0 dev
> vite

Port 5173 is in use, trying another one...

  VITE v6.4.1  ready in 205 ms

  ➜  Local:   http://localhost:5174/
  ➜  Network: use --host to expose

> flipkart@0.0.0 dev
> vite

Port 5173 is in use, trying another one...
Port 5174 is in use, trying another one...

  VITE v6.4.1  ready in 204 ms

  ➜  Local:   http://localhost:5175/
  ➜  Network: use --host to expose

> flipkart@0.0.0 dev
> vite

Port 5173 is in use, trying another one...
Port 5174 is in use, trying another one...
Port 5175 is in use, trying another one...

  VITE v6.4.1  ready in 214 ms

  ➜  Local:   http://localhost:5176/
  ➜  Network: use --host to expose
6:50:14 AM [vite] (client) hmr update /components/Layout.tsx, /context/ShopContext.tsx, /pages/TrackOrder.tsx, /pages/Payment.tsx, /pages/OrderSuccess.tsx
6:50:14 AM [vite] (client) hmr update /pages/OrderSuccess.tsx, /pages/Payment.tsx, /context/ShopContext.tsx, /pages/TrackOrder.tsx, /components/Layout.tsx
6:50:14 AM [vite] (client) hmr update /components/Layout.tsx, /context/ShopContext.tsx, /pages/TrackOrder.tsx, /pages/Payment.tsx, /pages/OrderSuccess.tsx
6:50:14 AM [vite] (client) hmr update /components/Layout.tsx, /pages/TrackOrder.tsx, /pages/OrderSuccess.tsx, /context/ShopContext.tsx, /pages/Payment.tsx
6:50:37 AM [vite] .env changed, restarting server...
6:50:37 AM [vite] .env changed, restarting server...
6:50:37 AM [vite] .env changed, restarting server...
6:50:37 AM [vite] .env changed, restarting server...
6:50:37 AM [vite] server restarted.
6:50:37 AM [vite] server restarted.
6:50:37 AM [vite] server restarted.
6:50:37 AM [vite] server restarted.

> flipkart@0.0.0 dev
> vite

Port 5173 is in use, trying another one...
Port 5174 is in use, trying another one...
Port 5175 is in use, trying another one...
Port 5176 is in use, trying another one...

  VITE v6.4.1  ready in 212 ms

  ➜  Local:   http://localhost:5177/
  ➜  Network: use --host to expose

> flipkart@0.0.0 dev
> vite

Port 5173 is in use, trying another one...
Port 5174 is in use, trying another one...
Port 5175 is in use, trying another one...
Port 5176 is in use, trying another one...
Port 5177 is in use, trying another one...

  VITE v5.2.0  ready in 274 ms

  ➜  Local:   http://localhost:5178/
  ➜  Network: use --host to expose
6:57:20 AM [vite] .env changed, restarting server...
6:57:20 AM [vite] .env changed, restarting server...
6:57:20 AM [vite] .env changed, restarting server...
6:57:20 AM [vite] .env changed, restarting server...
6:57:20 AM [vite] .env changed, restarting server...
6:57:20 AM [vite] .env changed, restarting server...
6:57:20 AM [vite] (client) Re-optimizing dependencies because lockfile has changed
6:57:20 AM [vite] (client) Re-optimizing dependencies because lockfile has changed
6:57:20 AM [vite] (client) Re-optimizing dependencies because lockfile has changed
6:57:20 AM [vite] (client) Re-optimizing dependencies because lockfile has changed
6:57:20 AM [vite] server restarted.
6:57:20 AM [vite] server restarted.
6:57:20 AM [vite] server restarted.
6:57:20 AM [vite] server restarted.
6:57:20 AM [vite] server restarted.
6:57:20 AM [vite] server restarted.

> flipkart@0.0.0 dev
> vite

Re-optimizing dependencies because lockfile has changed
Port 5173 is in use, trying another one...
Port 5174 is in use, trying another one...
Port 5175 is in use, trying another one...
Port 5176 is in use, trying another one...
Port 5177 is in use, trying another one...
Port 5178 is in use, trying another one...

  VITE v5.2.0  ready in 318 ms

  ➜  Local:   http://localhost:5179/
  ➜  Network: use --host to expose

> flipkart@0.0.0 dev
> vite

Port 5173 is in use, trying another one...
Port 5174 is in use, trying another one...
Port 5175 is in use, trying another one...
Port 5176 is in use, trying another one...
Port 5177 is in use, trying another one...
Port 5178 is in use, trying another one...
Port 5179 is in use, trying another one...

  VITE v5.2.0  ready in 259 ms

  ➜  Local:   http://localhost:5180/
  ➜  Network: use --host to expose

> flipkart@0.0.0 dev
> vite

Port 5173 is in use, trying another one...
Port 5174 is in use, trying another one...
Port 5175 is in use, trying another one...
Port 5176 is in use, trying another one...
Port 5177 is in use, trying another one...
Port 5178 is in use, trying another one...
Port 5179 is in use, trying another one...
Port 5180 is in use, trying another one...

  VITE v5.2.0  ready in 281 ms

  ➜  Local:   http://localhost:5181/
  ➜  Network: use --host to expose

> flipkart@0.0.0 dev
> vite

Port 5173 is in use, trying another one...
Port 5174 is in use, trying another one...
Port 5175 is in use, trying another one...
Port 5176 is in use, trying another one...
Port 5177 is in use, trying another one...
Port 5178 is in use, trying another one...
Port 5179 is in use, trying another one...
Port 5180 is in use, trying another one...
Port 5181 is in use, trying another one...

  VITE v5.2.0  ready in 275 ms

  ➜  Local:   http://localhost:5182/
  ➜  Network: use --host to expose
7:01:32 AM [vite] hmr update /context/ShopContext.tsx, /pages/OrderSuccess.tsx, /components/Layout.tsx, /pages/TrackOrder.tsx, /pages/Payment.tsx
7:01:32 AM [vite] hmr update /pages/OrderSuccess.tsx, /context/ShopContext.tsx, /pages/TrackOrder.tsx, /pages/Payment.tsx, /components/Layout.tsx
7:01:32 AM [vite] hmr update /context/ShopContext.tsx, /pages/TrackOrder.tsx, /pages/OrderSuccess.tsx, /pages/Payment.tsx, /components/Layout.tsx
7:01:32 AM [vite] hmr update /context/ShopContext.tsx, /pages/OrderSuccess.tsx, /pages/TrackOrder.tsx, /pages/Payment.tsx, /components/Layout.tsx

> flipkart@0.0.0 dev
> vite

Port 5173 is in use, trying another one...
Port 5174 is in use, trying another one...
Port 5175 is in use, trying another one...
Port 5176 is in use, trying another one...
Port 5177 is in use, trying another one...
Port 5178 is in use, trying another one...
Port 5179 is in use, trying another one...
Port 5180 is in use, trying another one...
Port 5181 is in use, trying another one...
Port 5182 is in use, trying another one...

  VITE v5.2.0  ready in 289 ms

  ➜  Local:   http://localhost:5183/
  ➜  Network: use --host to expose

> flipkart@0.0.0 dev
> vite

Port 5173 is in use, trying another one...
Port 5174 is in use, trying another one...
Port 5175 is in use, trying another one...
Port 5176 is in use, trying another one...
Port 5177 is in use, trying another one...
Port 5178 is in use, trying another one...
Port 5179 is in use, trying another one...
Port 5180 is in use, trying another one...
Port 5181 is in use, trying another one...
Port 5182 is in use, trying another one...
Port 5183 is in use, trying another one...

  VITE v5.2.0  ready in 335 ms

  ➜  Local:   http://localhost:5184/
  ➜  Network: use --host to expose
7:04:35 AM [vite] hmr update /context/ShopContext.tsx, /pages/TrackOrder.tsx, /pages/OrderSuccess.tsx, /pages/Payment.tsx, /components/Layout.tsx
7:04:35 AM [vite] hmr update /pages/OrderSuccess.tsx, /context/ShopContext.tsx, /pages/TrackOrder.tsx, /pages/Payment.tsx, /components/Layout.tsx
7:04:35 AM [vite] hmr update /context/ShopContext.tsx, /pages/OrderSuccess.tsx, /pages/TrackOrder.tsx, /pages/Payment.tsx, /components/Layout.tsx
7:04:35 AM [vite] hmr update /context/ShopContext.tsx, /pages/OrderSuccess.tsx, /components/Layout.tsx, /pages/TrackOrder.tsx, /pages/Payment.tsx
7:04:35 AM [vite] hmr update /context/ShopContext.tsx, /pages/OrderSuccess.tsx, /pages/TrackOrder.tsx, /pages/Payment.tsx, /components/Layout.tsx
7:04:35 AM [vite] hmr update /context/ShopContext.tsx, /pages/OrderSuccess.tsx, /components/Layout.tsx, /pages/TrackOrder.tsx, /pages/Payment.tsx

> flipkart@0.0.0 dev
> vite

Port 5173 is in use, trying another one...
Port 5174 is in use, trying another one...
Port 5175 is in use, trying another one...
Port 5176 is in use, trying another one...
Port 5177 is in use, trying another one...
Port 5178 is in use, trying another one...
Port 5179 is in use, trying another one...
Port 5180 is in use, trying another one...
Port 5181 is in use, trying another one...
Port 5182 is in use, trying another one...
Port 5183 is in use, trying another one...
Port 5184 is in use, trying another one...

  VITE v5.2.0  ready in 337 ms

  ➜  Local:   http://localhost:5185/
  ➜  Network: use --host to expose
7:08:52 AM [vite] hmr update /components/Layout.tsx
7:08:52 AM [vite] hmr update /components/Layout.tsx
7:08:52 AM [vite] hmr update /components/Layout.tsx
7:08:52 AM [vite] hmr update /components/Layout.tsx
7:08:52 AM [vite] hmr update /components/Layout.tsx
7:08:52 AM [vite] hmr update /components/Layout.tsx
7:08:52 AM [vite] hmr update /components/Layout.tsx

> flipkart@0.0.0 dev
> vite

Port 5173 is in use, trying another one...
Port 5174 is in use, trying another one...
Port 5175 is in use, trying another one...
Port 5176 is in use, trying another one...
Port 5177 is in use, trying another one...
Port 5178 is in use, trying another one...
Port 5179 is in use, trying another one...
Port 5180 is in use, trying another one...
Port 5181 is in use, trying another one...
Port 5182 is in use, trying another one...
Port 5183 is in use, trying another one...
Port 5184 is in use, trying another one...
Port 5185 is in use, trying another one...

  VITE v5.2.0  ready in 307 ms

  ➜  Local:   http://localhost:5186/
  ➜  Network: use --host to expose
7:12:27 AM [vite] hmr update /components/Layout.tsx
7:12:27 AM [vite] hmr update /components/Layout.tsx
7:12:27 AM [vite] hmr update /components/Layout.tsx
7:12:27 AM [vite] hmr update /components/Layout.tsx
7:12:27 AM [vite] hmr update /components/Layout.tsx
7:12:27 AM [vite] hmr update /components/Layout.tsx
7:12:27 AM [vite] hmr update /components/Layout.tsx
7:12:27 AM [vite] hmr update /components/Layout.tsx

> flipkart@0.0.0 dev
> vite

Port 5173 is in use, trying another one...
Port 5174 is in use, trying another one...
Port 5175 is in use, trying another one...
Port 5176 is in use, trying another one...
Port 5177 is in use, trying another one...
Port 5178 is in use, trying another one...
Port 5179 is in use, trying another one...
Port 5180 is in use, trying another one...
Port 5181 is in use, trying another one...
Port 5182 is in use, trying another one...
Port 5183 is in use, trying another one...
Port 5184 is in use, trying another one...
Port 5185 is in use, trying another one...
Port 5186 is in use, trying another one...

  VITE v5.2.0  ready in 356 ms

  ➜  Local:   http://localhost:5187/
  ➜  Network: use --host to expose

> flipkart@0.0.0 dev
> vite

Port 5173 is in use, trying another one...
Port 5174 is in use, trying another one...
Port 5175 is in use, trying another one...
Port 5176 is in use, trying another one...
Port 5177 is in use, trying another one...
Port 5178 is in use, trying another one...
Port 5179 is in use, trying another one...
Port 5180 is in use, trying another one...
Port 5181 is in use, trying another one...
Port 5182 is in use, trying another one...
Port 5183 is in use, trying another one...
Port 5184 is in use, trying another one...
Port 5185 is in use, trying another one...
Port 5186 is in use, trying another one...
Port 5187 is in use, trying another one...

  VITE v5.2.0  ready in 360 ms

  ➜  Local:   http://localhost:5188/
  ➜  Network: use --host to expose
